0 verbose cli C:\Program Files\nodejs\node.exe C:\Users\anaka\AppData\Roaming\npm\node_modules\npm\bin\npm-cli.js
1 info using npm@11.1.0
2 info using node@v20.17.0
3 silly config load:file:C:\Users\anaka\AppData\Roaming\npm\node_modules\npm\npmrc
4 silly config load:file:C:\Users\anaka\OneDrive\Desktop\streamX\.npmrc
5 silly config load:file:C:\Users\anaka\.npmrc
6 silly config load:file:C:\Users\anaka\AppData\Roaming\npm\etc\npmrc
7 verbose title npm run dev
8 verbose argv "run" "dev"
9 verbose logfile logs-max:10 dir:C:\Users\anaka\OneDrive\Desktop\streamX\UsersanakaAppDataLocalnpm-cache\_logs\2025-03-31T12_13_04_383Z-
10 verbose logfile C:\Users\anaka\OneDrive\Desktop\streamX\UsersanakaAppDataLocalnpm-cache\_logs\2025-03-31T12_13_04_383Z-debug-0.log
11 silly logfile done cleaning log files
12 verbose stack Error: Could not read package.json: Error: ENOENT: no such file or directory, open 'C:\Users\anaka\OneDrive\Desktop\streamX\package.json'
12 verbose stack     at async open (node:internal/fs/promises:639:25)
12 verbose stack     at async readFile (node:internal/fs/promises:1242:14)
12 verbose stack     at async read (C:\Users\anaka\AppData\Roaming\npm\node_modules\npm\node_modules\@npmcli\package-json\lib\read-package.js:9:18)
12 verbose stack     at async PackageJson.load (C:\Users\anaka\AppData\Roaming\npm\node_modules\npm\node_modules\@npmcli\package-json\lib\index.js:131:31)
12 verbose stack     at async PackageJson.normalize (C:\Users\anaka\AppData\Roaming\npm\node_modules\npm\node_modules\@npmcli\package-json\lib\index.js:117:5)
12 verbose stack     at async #run (C:\Users\anaka\AppData\Roaming\npm\node_modules\npm\lib\commands\run-script.js:86:13)
12 verbose stack     at async RunScript.exec (C:\Users\anaka\AppData\Roaming\npm\node_modules\npm\lib\commands\run-script.js:40:7)
12 verbose stack     at async Npm.exec (C:\Users\anaka\AppData\Roaming\npm\node_modules\npm\lib\npm.js:207:9)
12 verbose stack     at async module.exports (C:\Users\anaka\AppData\Roaming\npm\node_modules\npm\lib\cli\entry.js:67:5)
13 error code ENOENT
14 error syscall open
15 error path C:\Users\anaka\OneDrive\Desktop\streamX\package.json
16 error errno -4058
17 error enoent Could not read package.json: Error: ENOENT: no such file or directory, open 'C:\Users\anaka\OneDrive\Desktop\streamX\package.json'
18 error enoent This is related to npm not being able to find a file.
18 error enoent
19 verbose cwd C:\Users\anaka\OneDrive\Desktop\streamX
20 verbose os Windows_NT 10.0.26100
21 verbose node v20.17.0
22 verbose npm  v11.1.0
23 verbose exit -4058
24 verbose code -4058
25 error A complete log of this run can be found in: C:\Users\anaka\OneDrive\Desktop\streamX\UsersanakaAppDataLocalnpm-cache\_logs\2025-03-31T12_13_04_383Z-debug-0.log
